<?xml version="1.0" encoding="UTF-8"?>
<coverage generated="1777401323223" clover="3.2.0">
  <project timestamp="1777401323223" name="All files">
    <metrics statements="20" coveredstatements="20" conditionals="12" coveredconditionals="10" methods="12" coveredmethods="12" elements="44" coveredelements="42" complexity="0" loc="20" ncloc="20" packages="2" files="6" classes="6"/>
    <package name="components">
      <metrics statements="16" coveredstatements="16" conditionals="12" coveredconditionals="10" methods="8" coveredmethods="8"/>
      <file name="BudgetSummary.tsx" path="/workspace/95170ba7-6d83-4642-b805-74d6c2b43797/frontend/src/components/BudgetSummary.tsx">
        <metrics statements="5" coveredstatements="5" conditionals="2" coveredconditionals="2" methods="1" coveredmethods="1"/>
        <line num="10" count="5" type="cond" truecount="2" falsecount="0"/>
        <line num="11" count="1" type="stmt"/>
        <line num="14" count="4" type="stmt"/>
        <line num="15" count="4" type="stmt"/>
        <line num="17" count="4" type="stmt"/>
      </file>
      <file name="ForecastChart.tsx" path="/workspace/95170ba7-6d83-4642-b805-74d6c2b43797/frontend/src/components/ForecastChart.tsx">
        <metrics statements="3" coveredstatements="3" conditionals="2" coveredconditionals="2" methods="1" coveredmethods="1"/>
        <line num="10" count="4" type="cond" truecount="2" falsecount="0"/>
        <line num="11" count="1" type="stmt"/>
        <line num="14" count="3" type="stmt"/>
      </file>
      <file name="ProjectDetails.tsx" path="/workspace/95170ba7-6d83-4642-b805-74d6c2b43797/frontend/src/components/ProjectDetails.tsx">
        <metrics statements="2" coveredstatements="2" conditionals="2" coveredconditionals="2" methods="2" coveredmethods="2"/>
        <line num="11" count="6" type="stmt"/>
        <line num="30" count="1" type="stmt"/>
      </file>
      <file name="ProjectList.tsx" path="/workspace/95170ba7-6d83-4642-b805-74d6c2b43797/frontend/src/components/ProjectList.tsx">
        <metrics statements="5" coveredstatements="5" conditionals="6" coveredconditionals="4" methods="3" coveredmethods="3"/>
        <line num="12" count="4" type="cond" truecount="2" falsecount="0"/>
        <line num="13" count="1" type="stmt"/>
        <line num="16" count="3" type="stmt"/>
        <line num="19" count="6" type="stmt"/>
        <line num="21" count="1" type="stmt"/>
      </file>
      <file name="UserMenu.tsx" path="/workspace/95170ba7-6d83-4642-b805-74d6c2b43797/frontend/src/components/UserMenu.tsx">
        <metrics statements="1" coveredstatements="1" conditionals="0" coveredconditionals="0" methods="1" coveredmethods="1"/>
        <line num="10" count="4" type="stmt"/>
      </file>
    </package>
    <package name="utils">
      <metrics statements="4" coveredstatements="4" conditionals="0" coveredconditionals="0" methods="4" coveredmethods="4"/>
      <file name="format.ts" path="/workspace/95170ba7-6d83-4642-b805-74d6c2b43797/frontend/src/utils/format.ts">
        <metrics statements="4" coveredstatements="4" conditionals="0" coveredconditionals="0" methods="4" coveredmethods="4"/>
        <line num="2" count="21" type="stmt"/>
        <line num="9" count="26" type="stmt"/>
        <line num="17" count="8" type="stmt"/>
        <line num="27" count="3" type="stmt"/>
      </file>
    </package>
  </project>
</coverage>
