{"/workspace/95170ba7-6d83-4642-b805-74d6c2b43797/frontend/src/components/BudgetSummary.tsx": {"path":"/workspace/95170ba7-6d83-4642-b805-74d6c2b43797/frontend/src/components/BudgetSummary.tsx","statementMap":{"0":{"start":{"line":10,"column":2},"end":{"line":11,"column":null}},"1":{"start":{"line":11,"column":4},"end":{"line":11,"column":null}},"2":{"start":{"line":14,"column":27},"end":{"line":14,"column":null}},"3":{"start":{"line":15,"column":30},"end":{"line":15,"column":null}},"4":{"start":{"line":17,"column":2},"end":{"line":43,"column":null}}},"fnMap":{"0":{"name":"BudgetSummary","decl":{"start":{"line":9,"column":16},"end":{"line":9,"column":30}},"loc":{"start":{"line":9,"column":62},"end":{"line":43,"column":null}},"line":9}},"branchMap":{"0":{"loc":{"start":{"line":10,"column":2},"end":{"line":11,"column":null}},"type":"if","locations":[{"start":{"line":10,"column":2},"end":{"line":11,"column":null}},{"start":{},"end":{}}],"line":10}},"s":{"0":5,"1":1,"2":4,"3":4,"4":4},"f":{"0":5},"b":{"0":[1,4]},"meta":{"lastBranch":1,"lastFunction":1,"lastStatement":5,"seen":{"f:9:16:9:30":0,"b:10:2:11:Infinity:undefined:undefined:undefined:undefined":0,"s:10:2:11:Infinity":0,"s:11:4:11:Infinity":1,"s:14:27:14:Infinity":2,"s:15:30:15:Infinity":3,"s:17:2:43:Infinity":4}}}
,"/workspace/95170ba7-6d83-4642-b805-74d6c2b43797/frontend/src/components/ForecastChart.tsx": {"path":"/workspace/95170ba7-6d83-4642-b805-74d6c2b43797/frontend/src/components/ForecastChart.tsx","statementMap":{"0":{"start":{"line":10,"column":2},"end":{"line":11,"column":null}},"1":{"start":{"line":11,"column":4},"end":{"line":11,"column":null}},"2":{"start":{"line":14,"column":2},"end":{"line":38,"column":null}}},"fnMap":{"0":{"name":"ForecastChart","decl":{"start":{"line":9,"column":16},"end":{"line":9,"column":30}},"loc":{"start":{"line":9,"column":64},"end":{"line":38,"column":null}},"line":9}},"branchMap":{"0":{"loc":{"start":{"line":10,"column":2},"end":{"line":11,"column":null}},"type":"if","locations":[{"start":{"line":10,"column":2},"end":{"line":11,"column":null}},{"start":{},"end":{}}],"line":10}},"s":{"0":4,"1":1,"2":3},"f":{"0":4},"b":{"0":[1,3]},"meta":{"lastBranch":1,"lastFunction":1,"lastStatement":3,"seen":{"f:9:16:9:30":0,"b:10:2:11:Infinity:undefined:undefined:undefined:undefined":0,"s:10:2:11:Infinity":0,"s:11:4:11:Infinity":1,"s:14:2:38:Infinity":2}}}
,"/workspace/95170ba7-6d83-4642-b805-74d6c2b43797/frontend/src/components/ProjectDetails.tsx": {"path":"/workspace/95170ba7-6d83-4642-b805-74d6c2b43797/frontend/src/components/ProjectDetails.tsx","statementMap":{"0":{"start":{"line":11,"column":2},"end":{"line":42,"column":null}},"1":{"start":{"line":30,"column":23},"end":{"line":30,"column":52}}},"fnMap":{"0":{"name":"ProjectDetails","decl":{"start":{"line":10,"column":16},"end":{"line":10,"column":31}},"loc":{"start":{"line":10,"column":84},"end":{"line":42,"column":null}},"line":10},"1":{"name":"(anonymous_1)","decl":{"start":{"line":30,"column":8},"end":{"line":30,"column":23}},"loc":{"start":{"line":30,"column":23},"end":{"line":30,"column":52}},"line":30}},"branchMap":{"0":{"loc":{"start":{"line":14,"column":7},"end":{"line":14,"column":null}},"type":"binary-expr","locations":[{"start":{"line":14,"column":7},"end":{"line":14,"column":30}},{"start":{"line":14,"column":30},"end":{"line":14,"column":null}}],"line":14}},"s":{"0":6,"1":1},"f":{"0":6,"1":1},"b":{"0":[6,5]},"meta":{"lastBranch":1,"lastFunction":2,"lastStatement":2,"seen":{"f:10:16:10:31":0,"s:11:2:42:Infinity":0,"b:14:7:14:30:14:30:14:Infinity":0,"f:30:8:30:23":1,"s:30:23:30:52":1}}}
,"/workspace/95170ba7-6d83-4642-b805-74d6c2b43797/frontend/src/components/ProjectList.tsx": {"path":"/workspace/95170ba7-6d83-4642-b805-74d6c2b43797/frontend/src/components/ProjectList.tsx","statementMap":{"0":{"start":{"line":12,"column":2},"end":{"line":13,"column":null}},"1":{"start":{"line":13,"column":4},"end":{"line":13,"column":null}},"2":{"start":{"line":16,"column":2},"end":{"line":38,"column":null}},"3":{"start":{"line":19,"column":8},"end":{"line":36,"column":null}},"4":{"start":{"line":21,"column":25},"end":{"line":21,"column":45}}},"fnMap":{"0":{"name":"ProjectList","decl":{"start":{"line":11,"column":16},"end":{"line":11,"column":28}},"loc":{"start":{"line":11,"column":82},"end":{"line":38,"column":null}},"line":11},"1":{"name":"(anonymous_1)","decl":{"start":{"line":18,"column":16},"end":{"line":18,"column":20}},"loc":{"start":{"line":19,"column":8},"end":{"line":36,"column":null}},"line":19},"2":{"name":"(anonymous_2)","decl":{"start":{"line":21,"column":10},"end":{"line":21,"column":25}},"loc":{"start":{"line":21,"column":25},"end":{"line":21,"column":45}},"line":21}},"branchMap":{"0":{"loc":{"start":{"line":12,"column":2},"end":{"line":13,"column":null}},"type":"if","locations":[{"start":{"line":12,"column":2},"end":{"line":13,"column":null}},{"start":{},"end":{}}],"line":12},"1":{"loc":{"start":{"line":26,"column":29},"end":{"line":26,"column":null}},"type":"cond-expr","locations":[{"start":{"line":26,"column":57},"end":{"line":26,"column":69}},{"start":{"line":26,"column":69},"end":{"line":26,"column":null}}],"line":26},"2":{"loc":{"start":{"line":28,"column":20},"end":{"line":28,"column":null}},"type":"cond-expr","locations":[{"start":{"line":28,"column":48},"end":{"line":28,"column":70}},{"start":{"line":28,"column":70},"end":{"line":28,"column":null}}],"line":28}},"s":{"0":4,"1":1,"2":3,"3":6,"4":1},"f":{"0":4,"1":6,"2":1},"b":{"0":[1,3],"1":[0,6],"2":[0,6]},"meta":{"lastBranch":3,"lastFunction":3,"lastStatement":5,"seen":{"f:11:16:11:28":0,"b:12:2:13:Infinity:undefined:undefined:undefined:undefined":0,"s:12:2:13:Infinity":0,"s:13:4:13:Infinity":1,"s:16:2:38:Infinity":2,"f:18:16:18:20":1,"s:19:8:36:Infinity":3,"f:21:10:21:25":2,"s:21:25:21:45":4,"b:26:57:26:69:26:69:26:Infinity":1,"b:28:48:28:70:28:70:28:Infinity":2}}}
,"/workspace/95170ba7-6d83-4642-b805-74d6c2b43797/frontend/src/components/UserMenu.tsx": {"path":"/workspace/95170ba7-6d83-4642-b805-74d6c2b43797/frontend/src/components/UserMenu.tsx","statementMap":{"0":{"start":{"line":10,"column":2},"end":{"line":31,"column":null}}},"fnMap":{"0":{"name":"UserMenu","decl":{"start":{"line":9,"column":16},"end":{"line":9,"column":25}},"loc":{"start":{"line":9,"column":60},"end":{"line":31,"column":null}},"line":9}},"branchMap":{},"s":{"0":4},"f":{"0":4},"b":{},"meta":{"lastBranch":0,"lastFunction":1,"lastStatement":1,"seen":{"f:9:16:9:25":0,"s:10:2:31:Infinity":0}}}
,"/workspace/95170ba7-6d83-4642-b805-74d6c2b43797/frontend/src/utils/format.ts": {"path":"/workspace/95170ba7-6d83-4642-b805-74d6c2b43797/frontend/src/utils/format.ts","statementMap":{"0":{"start":{"line":2,"column":2},"end":{"line":5,"column":null}},"1":{"start":{"line":9,"column":2},"end":{"line":13,"column":null}},"2":{"start":{"line":17,"column":2},"end":{"line":23,"column":null}},"3":{"start":{"line":27,"column":2},"end":{"line":27,"column":null}}},"fnMap":{"0":{"name":"formatCurrency","decl":{"start":{"line":1,"column":16},"end":{"line":1,"column":31}},"loc":{"start":{"line":1,"column":55},"end":{"line":5,"column":null}},"line":1},"1":{"name":"formatDate","decl":{"start":{"line":8,"column":16},"end":{"line":8,"column":27}},"loc":{"start":{"line":8,"column":55},"end":{"line":13,"column":null}},"line":8},"2":{"name":"formatDateTime","decl":{"start":{"line":16,"column":16},"end":{"line":16,"column":31}},"loc":{"start":{"line":16,"column":63},"end":{"line":23,"column":null}},"line":16},"3":{"name":"formatPercentage","decl":{"start":{"line":26,"column":16},"end":{"line":26,"column":33}},"loc":{"start":{"line":26,"column":56},"end":{"line":27,"column":null}},"line":26}},"branchMap":{},"s":{"0":21,"1":26,"2":8,"3":3},"f":{"0":21,"1":26,"2":8,"3":3},"b":{},"meta":{"lastBranch":0,"lastFunction":4,"lastStatement":4,"seen":{"f:1:16:1:31":0,"s:2:2:5:Infinity":0,"f:8:16:8:27":1,"s:9:2:13:Infinity":1,"f:16:16:16:31":2,"s:17:2:23:Infinity":2,"f:26:16:26:33":3,"s:27:2:27:Infinity":3}}}
}
